<?xml version="1.0" encoding="UTF-8"?>
<robot generator="Robot 5.0.1 (Python 3.10.4 on win32)" generated="20221103 21:46:23.196" rpa="false" schemaversion="3">
<suite id="s1" name="Login Test" source="C:\Users\B962457\Documents\Automation_projects\parabank_ui_testing\Tests\login_test.robot">
<test id="s1-t1" name="Verify Success Login With Valid Credentials" line="18">
<kw name="Open Parabank Homepage" library="common_resources">
<kw name="New Page" library="Browser">
<arg>${BASE_URL}</arg>
<tag>BrowserControl</tag>
<tag>Setter</tag>
<doc>Open a new Page.</doc>
<msg timestamp="20221103 21:46:30.355" level="INFO">Successfully initialized new page object and opened url: https://parabank.parasoft.com/parabank</msg>
<msg timestamp="20221103 21:46:30.355" level="INFO">No browser and context was open. New browser and context was automatically opened when page is created.</msg>
<status status="PASS" starttime="20221103 21:46:24.228" endtime="20221103 21:46:30.356"/>
</kw>
<status status="PASS" starttime="20221103 21:46:24.228" endtime="20221103 21:46:30.356"/>
</kw>
<kw name="Input Username" library="home_page_resources">
<arg>${VALID_USERNAME}</arg>
<kw name="Fill Text" library="Browser">
<arg>${USERNAME_INPUT}</arg>
<arg>${test_data}</arg>
<tag>PageContent</tag>
<tag>Setter</tag>
<doc>Clears and fills the given ``txt`` into the text field found by ``selector``.</doc>
<msg timestamp="20221103 21:46:30.357" level="INFO">Fills the text 'john' in the given field.</msg>
<status status="PASS" starttime="20221103 21:46:30.357" endtime="20221103 21:46:30.388"/>
</kw>
<status status="PASS" starttime="20221103 21:46:30.356" endtime="20221103 21:46:30.388"/>
</kw>
<kw name="Input Password" library="home_page_resources">
<arg>${VALID_PASSWORD}</arg>
<kw name="Fill Text" library="Browser">
<arg>${PASSWORD_INPUT}</arg>
<arg>${test_data}</arg>
<tag>PageContent</tag>
<tag>Setter</tag>
<doc>Clears and fills the given ``txt`` into the text field found by ``selector``.</doc>
<msg timestamp="20221103 21:46:30.396" level="INFO">Fills the text 'demo' in the given field.</msg>
<status status="PASS" starttime="20221103 21:46:30.388" endtime="20221103 21:46:30.413"/>
</kw>
<status status="PASS" starttime="20221103 21:46:30.388" endtime="20221103 21:46:30.413"/>
</kw>
<kw name="Log User In" library="home_page_resources">
<kw name="Click" library="Browser">
<arg>${LOGIN_BTN}</arg>
<tag>PageContent</tag>
<tag>Setter</tag>
<doc>Simulates mouse click on the element found by ``selector``.</doc>
<status status="PASS" starttime="20221103 21:46:30.413" endtime="20221103 21:46:31.566"/>
</kw>
<status status="PASS" starttime="20221103 21:46:30.413" endtime="20221103 21:46:31.566"/>
</kw>
<kw name="Get Text" library="Browser">
<arg>${PAGE_HEADER}</arg>
<arg>==</arg>
<arg>${ACCOUNT_PAGE_HEADER}</arg>
<tag>Assertion</tag>
<tag>Getter</tag>
<tag>PageContent</tag>
<doc>Returns text attribute of the element found by ``selector``.</doc>
<status status="PASS" starttime="20221103 21:46:31.566" endtime="20221103 21:46:31.640"/>
</kw>
<tag>happy_path</tag>
<status status="PASS" starttime="20221103 21:46:24.212" endtime="20221103 21:46:31.640"/>
</test>
<kw name="Close All Pages" library="common_resources" type="TEARDOWN">
<kw name="Close Browser" library="Browser">
<arg>ALL</arg>
<tag>BrowserControl</tag>
<tag>Setter</tag>
<doc>Closes the current browser.</doc>
<msg timestamp="20221103 21:46:33.039" level="INFO">Closed all browsers</msg>
<status status="PASS" starttime="20221103 21:46:31.681" endtime="20221103 21:46:33.039"/>
</kw>
<status status="PASS" starttime="20221103 21:46:31.681" endtime="20221103 21:46:33.039"/>
</kw>
<status status="PASS" starttime="20221103 21:46:23.203" endtime="20221103 21:46:33.039"/>
</suite>
<statistics>
<total>
<stat pass="1" fail="0" skip="0">All Tests</stat>
</total>
<tag>
<stat pass="1" fail="0" skip="0">happy_path</stat>
</tag>
<suite>
<stat pass="1" fail="0" skip="0" id="s1" name="Login Test">Login Test</stat>
</suite>
</statistics>
<errors>
<msg timestamp="20221103 21:46:23.474" level="ERROR">Error in file 'C:\Users\B962457\Documents\Automation_projects\parabank_ui_testing\Resources\common_resources.robot' on line 12: Setting variable '${UPDATE_CONTACT_INFO_URL} //a[href="/parabank/updateprofile.htm"]' failed: Invalid variable name '${UPDATE_CONTACT_INFO_URL} //a[href="/parabank/updateprofile.htm"]'.</msg>
<msg timestamp="20221103 21:46:23.476" level="ERROR">Error in file 'C:\Users\B962457\Documents\Automation_projects\parabank_ui_testing\Resources\overview_page_resources.robot' on line 13: Setting variable '${ACCOUNT_TABLE_HEADER_ACCOUNT} #accountTable&gt; thead &gt; tr &gt; th:nth-child(1)' failed: Invalid variable name '${ACCOUNT_TABLE_HEADER_ACCOUNT} #accountTable&gt; thead &gt; tr &gt; th:nth-child(1)'.</msg>
<msg timestamp="20221103 21:46:23.476" level="ERROR">Error in file 'C:\Users\B962457\Documents\Automation_projects\parabank_ui_testing\Resources\overview_page_resources.robot' on line 14: Setting variable '${ACCOUNT_TABLE_HEADER_BALANCE} #accountTable&gt; thead &gt; tr &gt; th:nth-child(2)' failed: Invalid variable name '${ACCOUNT_TABLE_HEADER_BALANCE} #accountTable&gt; thead &gt; tr &gt; th:nth-child(2)'.</msg>
<msg timestamp="20221103 21:46:23.480" level="ERROR">Error in file 'C:\Users\B962457\Documents\Automation_projects\parabank_ui_testing\Resources\overview_page_resources.robot' on line 15: Setting variable '${ACCOUNT_TABLE_HEADER_AVAILABLE_AMOUNT} #accountTable&gt; thead &gt; tr &gt; th:nth-child(3)' failed: Invalid variable name '${ACCOUNT_TABLE_HEADER_AVAILABLE_AMOUNT} #accountTable&gt; thead &gt; tr &gt; th:nth-child(3)'.</msg>
</errors>
</robot>
