<?xml version="1.0" encoding="UTF-8"?>
<robot generator="Robot 6.0 (Python 3.10.6 on linux)" generated="20221030 21:22:54.226" rpa="false" schemaversion="3">
<suite id="s1" name="New Test" source="/home/Anh/Documents/RobotFrameworkProjects/parabank_ui_testing/Tests/new_test.robot">
<test id="s1-t1" name="Open Parabank Website" line="5">
<kw name="New Page" library="Browser">
<arg>https://parabank.parasoft.com/parabank/index.htm</arg>
<tag>BrowserControl</tag>
<tag>Setter</tag>
<doc>Open a new Page.</doc>
<msg timestamp="20221030 21:22:58.330" level="INFO">Successfully initialized new page object and opened url: https://parabank.parasoft.com/parabank/index.htm</msg>
<msg timestamp="20221030 21:22:58.330" level="INFO">No browser and context was open. New browser and context was automatically opened when page is created.</msg>
<status status="PASS" starttime="20221030 21:22:55.097" endtime="20221030 21:22:58.330"/>
</kw>
<kw name="Get Text" library="Browser">
<arg>//p[@class="caption"]</arg>
<arg>==</arg>
<arg>Experience the difference</arg>
<tag>Assertion</tag>
<tag>Getter</tag>
<tag>PageContent</tag>
<doc>Returns text attribute of the element found by ``selector``.</doc>
<status status="PASS" starttime="20221030 21:22:58.332" endtime="20221030 21:22:58.435"/>
</kw>
<status status="PASS" starttime="20221030 21:22:55.085" endtime="20221030 21:22:58.436"/>
</test>
<status status="PASS" starttime="20221030 21:22:54.229" endtime="20221030 21:22:58.538"/>
</suite>
<statistics>
<total>
<stat pass="1" fail="0" skip="0">All Tests</stat>
</total>
<tag>
</tag>
<suite>
<stat pass="1" fail="0" skip="0" id="s1" name="New Test">New Test</stat>
</suite>
</statistics>
<errors>
</errors>
</robot>
