<?xml version="1.0" encoding="UTF-8"?>
<robot generator="Robot 5.0.1 (Python 3.8.10 on linux)" generated="20220529 23:03:28.705" rpa="false" schemaversion="3">
<suite id="s1" name="Login Test" source="/home/Anh/Documents/RobotFrameworkProjects/parabank_ui_testing/Tests/login_test.robot">
<test id="s1-t1" name="Verify Login Elements Are Visible In Page" line="10">
<kw name="Open Website" library="common_resources">
<kw name="Open Browser" library="SeleniumLibrary">
<arg>${BASE_URL}</arg>
<arg>${BROWSER}</arg>
<doc>Opens a new browser instance to the optional ``url``.</doc>
<msg timestamp="20220529 23:03:29.257" level="INFO">Opening browser 'chrome' to base url 'https://parabank.parasoft.com/parabank/index.htm'.</msg>
<status status="PASS" starttime="20220529 23:03:29.256" endtime="20220529 23:03:35.204"/>
</kw>
<kw name="Sleep" library="BuiltIn">
<arg>2s</arg>
<doc>Pauses the test executed for the given time.</doc>
<msg timestamp="20220529 23:03:37.207" level="INFO">Slept 2 seconds</msg>
<status status="PASS" starttime="20220529 23:03:35.204" endtime="20220529 23:03:37.207"/>
</kw>
<status status="PASS" starttime="20220529 23:03:29.254" endtime="20220529 23:03:37.207"/>
</kw>
<kw name="Username Input Should Be Visible" library="home_page_resources">
<kw name="Wait Until Element Is Visible" library="SeleniumLibrary">
<arg>${USERNAME_INPUT}</arg>
<doc>Waits until the element ``locator`` is visible.</doc>
<status status="PASS" starttime="20220529 23:03:37.209" endtime="20220529 23:03:37.260"/>
</kw>
<status status="PASS" starttime="20220529 23:03:37.208" endtime="20220529 23:03:37.260"/>
</kw>
<kw name="Password Input Should Be Visible" library="home_page_resources">
<kw name="Wait Until Element Is Visible" library="SeleniumLibrary">
<arg>${PASSWORD_INPUT}</arg>
<doc>Waits until the element ``locator`` is visible.</doc>
<status status="PASS" starttime="20220529 23:03:37.261" endtime="20220529 23:03:37.307"/>
</kw>
<status status="PASS" starttime="20220529 23:03:37.260" endtime="20220529 23:03:37.307"/>
</kw>
<status status="PASS" starttime="20220529 23:03:29.252" endtime="20220529 23:03:37.307"/>
</test>
<test id="s1-t2" name="Verify Success Login With Valid Credentials" line="15">
<kw name="Open Website" library="common_resources">
<kw name="Open Browser" library="SeleniumLibrary">
<arg>${BASE_URL}</arg>
<arg>${BROWSER}</arg>
<doc>Opens a new browser instance to the optional ``url``.</doc>
<msg timestamp="20220529 23:03:37.311" level="INFO">Opening browser 'chrome' to base url 'https://parabank.parasoft.com/parabank/index.htm'.</msg>
<status status="PASS" starttime="20220529 23:03:37.310" endtime="20220529 23:03:41.061"/>
</kw>
<kw name="Sleep" library="BuiltIn">
<arg>2s</arg>
<doc>Pauses the test executed for the given time.</doc>
<msg timestamp="20220529 23:03:43.062" level="INFO">Slept 2 seconds</msg>
<status status="PASS" starttime="20220529 23:03:41.061" endtime="20220529 23:03:43.063"/>
</kw>
<status status="PASS" starttime="20220529 23:03:37.309" endtime="20220529 23:03:43.063"/>
</kw>
<kw name="Input Username" library="home_page_resources">
<arg>john</arg>
<kw name="Input Text" library="SeleniumLibrary">
<arg>${USERNAME_INPUT}</arg>
<arg>${test_data}</arg>
<doc>Types the given ``text`` into the text field identified by ``locator``.</doc>
<msg timestamp="20220529 23:03:43.067" level="INFO">Typing text 'john' into text field '//input[@name="username"]'.</msg>
<status status="PASS" starttime="20220529 23:03:43.066" endtime="20220529 23:03:43.192"/>
</kw>
<status status="PASS" starttime="20220529 23:03:43.064" endtime="20220529 23:03:43.192"/>
</kw>
<kw name="Input Password" library="home_page_resources">
<arg>demo</arg>
<kw name="Input Password" library="SeleniumLibrary">
<arg>${PASSWORD_INPUT}</arg>
<arg>${test_data}</arg>
<doc>Types the given password into the text field identified by ``locator``.</doc>
<msg timestamp="20220529 23:03:43.194" level="INFO">Typing password into text field '//input[@name="password"]'.</msg>
<msg timestamp="20220529 23:03:43.261" level="INFO">Temporally setting log level to: NONE</msg>
<msg timestamp="20220529 23:03:43.381" level="INFO">Log level changed from NONE to INFO.</msg>
<status status="PASS" starttime="20220529 23:03:43.194" endtime="20220529 23:03:43.382"/>
</kw>
<status status="PASS" starttime="20220529 23:03:43.193" endtime="20220529 23:03:43.382"/>
</kw>
<kw name="Log User In" library="home_page_resources">
<kw name="Click Button" library="SeleniumLibrary">
<arg>${LOGIN_BTN}</arg>
<doc>Clicks the button identified by ``locator``.</doc>
<msg timestamp="20220529 23:03:43.394" level="INFO">Clicking button '//input[@value="Log In"]'.</msg>
<status status="PASS" starttime="20220529 23:03:43.388" endtime="20220529 23:03:44.389"/>
</kw>
<status status="PASS" starttime="20220529 23:03:43.382" endtime="20220529 23:03:44.389"/>
</kw>
<status status="PASS" starttime="20220529 23:03:37.308" endtime="20220529 23:03:44.390"/>
</test>
<test id="s1-t3" name="Verify Failed Login With Invalid Credentials" line="22">
<kw name="Open Website" library="common_resources">
<kw name="Open Browser" library="SeleniumLibrary">
<arg>${BASE_URL}</arg>
<arg>${BROWSER}</arg>
<doc>Opens a new browser instance to the optional ``url``.</doc>
<msg timestamp="20220529 23:03:44.395" level="INFO">Opening browser 'chrome' to base url 'https://parabank.parasoft.com/parabank/index.htm'.</msg>
<status status="PASS" starttime="20220529 23:03:44.394" endtime="20220529 23:03:47.868"/>
</kw>
<kw name="Sleep" library="BuiltIn">
<arg>2s</arg>
<doc>Pauses the test executed for the given time.</doc>
<msg timestamp="20220529 23:03:49.870" level="INFO">Slept 2 seconds</msg>
<status status="PASS" starttime="20220529 23:03:47.868" endtime="20220529 23:03:49.870"/>
</kw>
<status status="PASS" starttime="20220529 23:03:44.393" endtime="20220529 23:03:49.871"/>
</kw>
<kw name="Input Username" library="home_page_resources">
<arg>jane</arg>
<kw name="Input Text" library="SeleniumLibrary">
<arg>${USERNAME_INPUT}</arg>
<arg>${test_data}</arg>
<doc>Types the given ``text`` into the text field identified by ``locator``.</doc>
<msg timestamp="20220529 23:03:49.875" level="INFO">Typing text 'jane' into text field '//input[@name="username"]'.</msg>
<status status="PASS" starttime="20220529 23:03:49.873" endtime="20220529 23:03:49.989"/>
</kw>
<status status="PASS" starttime="20220529 23:03:49.872" endtime="20220529 23:03:49.989"/>
</kw>
<kw name="Input Password" library="home_page_resources">
<arg>${EMPTY}</arg>
<kw name="Input Password" library="SeleniumLibrary">
<arg>${PASSWORD_INPUT}</arg>
<arg>${test_data}</arg>
<doc>Types the given password into the text field identified by ``locator``.</doc>
<msg timestamp="20220529 23:03:49.993" level="INFO">Typing password into text field '//input[@name="password"]'.</msg>
<msg timestamp="20220529 23:03:50.058" level="INFO">Temporally setting log level to: NONE</msg>
<msg timestamp="20220529 23:03:50.128" level="INFO">Log level changed from NONE to INFO.</msg>
<status status="PASS" starttime="20220529 23:03:49.992" endtime="20220529 23:03:50.128"/>
</kw>
<status status="PASS" starttime="20220529 23:03:49.990" endtime="20220529 23:03:50.128"/>
</kw>
<kw name="Log User In" library="home_page_resources">
<kw name="Click Button" library="SeleniumLibrary">
<arg>${LOGIN_BTN}</arg>
<doc>Clicks the button identified by ``locator``.</doc>
<msg timestamp="20220529 23:03:50.130" level="INFO">Clicking button '//input[@value="Log In"]'.</msg>
<status status="PASS" starttime="20220529 23:03:50.130" endtime="20220529 23:03:50.804"/>
</kw>
<status status="PASS" starttime="20220529 23:03:50.129" endtime="20220529 23:03:50.804"/>
</kw>
<kw name="Error Message Should Be Visible" library="common_resources">
<kw name="Wait Until Element Is Visible" library="Selenium2Library">
<arg>${ERROR_MESSAGE}</arg>
<doc>Waits until the element ``locator`` is visible.</doc>
<msg timestamp="20220529 23:03:50.806" level="INFO">Cannot capture screenshot because no browser is open.</msg>
<msg timestamp="20220529 23:03:50.807" level="FAIL">No browser is open.</msg>
<status status="FAIL" starttime="20220529 23:03:50.805" endtime="20220529 23:03:50.821"/>
</kw>
<kw name="Element Text Should Be" library="Selenium2Library">
<arg>${ERROR_MESSAGE}</arg>
<arg>Please enter a username and password</arg>
<doc>Verifies that element ``locator`` contains exact the text ``expected``.</doc>
<status status="NOT RUN" starttime="20220529 23:03:50.824" endtime="20220529 23:03:50.824"/>
</kw>
<status status="FAIL" starttime="20220529 23:03:50.804" endtime="20220529 23:03:50.825"/>
</kw>
<status status="FAIL" starttime="20220529 23:03:44.391" endtime="20220529 23:03:50.826">No browser is open.</status>
</test>
<status status="FAIL" starttime="20220529 23:03:28.708" endtime="20220529 23:03:50.832"/>
</suite>
<statistics>
<total>
<stat pass="2" fail="1" skip="0">All Tests</stat>
</total>
<tag>
</tag>
<suite>
<stat pass="2" fail="1" skip="0" id="s1" name="Login Test">Login Test</stat>
</suite>
</statistics>
<errors>
</errors>
</robot>
